<?xml version="1.0" encoding="UTF-8"?>
<testsuite xmlns:xsi="http://www.w3.org/2001/XMLSchema-instance" xsi:noNamespaceSchemaLocation="https://maven.apache.org/surefire/maven-surefire-plugin/xsd/surefire-test-report.xsd" version="3.0.2" name="br.com.aj.integrationtests.swagger.SwaggerIntegrationTest" time="93.93" tests="1" errors="0" skipped="0" failures="0">
  <properties>
[...]
</properties>
  <testcase name="shouldDisplaySwaggerUIPage" classname="br.com.aj.integrationtests.swagger.SwaggerIntegrationTest" time="1.548">
    <system-out><![CDATA[03:50:59.655 [main] INFO org.springframework.test.context.support.AnnotationConfigContextLoaderUtils -- Could not detect default configuration classes for test class [br.com.aj.integrationtests.testcontainers.AbstractIntegrationTest]: AbstractIntegrationTest does not declare any static, non-private, non-final, nested classes annotated with @Configuration.
03:50:59.843 [main] INFO org.springframework.boot.test.context.SpringBootTestContextBootstrapper -- Found @SpringBootConfiguration br.com.aj.Startup for test class br.com.aj.integrationtests.swagger.SwaggerIntegrationTest
03:51:00.138 [main] INFO org.testcontainers.images.PullPolicy -- Image pull policy will be performed by: DefaultPullPolicy()
03:51:00.146 [main] INFO org.testcontainers.utility.ImageNameSubstitutor -- Image name substitution will be performed by: DefaultImageNameSubstitutor (composite of 'ConfigurationFileImageNameSubstitutor' and 'PrefixingImageNameSubstitutor')
03:51:00.241 [main] INFO org.springframework.boot.devtools.restart.RestartApplicationListener -- Restart disabled due to context in which it is running

  .   ____          _            __ _ _
 /\\ / ___'_ __ _ _(_)_ __  __ _ \ \ \ \
( ( )\___ | '_ | '_| | '_ \/ _` | \ \ \ \
 \\/  ___)| |_)| | | | | || (_| |  ) ) ) )
  '  |____| .__|_| |_|_| |_\__, | / / / /
 =========|_|==============|___/=/_/_/_/

 :: Spring Boot ::                (v3.4.0)

2025-10-13T03:51:00.703-03:00  INFO 18564 --- [rest-with-spring-boot-and-java-erudio] [ers-lifecycle-0] org.testcontainers.DockerClientFactory   : Testcontainers version: 1.20.4
2025-10-13T03:51:01.073-03:00  INFO 18564 --- [rest-with-spring-boot-and-java-erudio] [ers-lifecycle-0] o.t.d.DockerClientProviderStrategy       : Loaded org.testcontainers.dockerclient.NpipeSocketClientProviderStrategy from ~/.testcontainers.properties, will try it first
2025-10-13T03:51:14.870-03:00  INFO 18564 --- [rest-with-spring-boot-and-java-erudio] [ers-lifecycle-0] o.t.d.DockerClientProviderStrategy       : Found Docker environment with local Npipe socket (npipe:////./pipe/docker_engine)
2025-10-13T03:51:14.873-03:00  INFO 18564 --- [rest-with-spring-boot-and-java-erudio] [ers-lifecycle-0] org.testcontainers.DockerClientFactory   : Docker host IP address is localhost
2025-10-13T03:51:14.907-03:00  INFO 18564 --- [rest-with-spring-boot-and-java-erudio] [ers-lifecycle-0] org.testcontainers.DockerClientFactory   : Connected to docker: 
  Server Version: 28.2.2
  API Version: 1.50
  Operating System: Docker Desktop
  Total Memory: 15675 MB
  Labels: 
    com.docker.desktop.address=npipe://\\.\pipe\docker_cli
2025-10-13T03:51:14.944-03:00  INFO 18564 --- [rest-with-spring-boot-and-java-erudio] [ers-lifecycle-0] tc.testcontainers/ryuk:0.11.0            : Pulling docker image: testcontainers/ryuk:0.11.0. Please be patient; this may take some time but only needs to be done once.
2025-10-13T03:51:17.350-03:00  INFO 18564 --- [rest-with-spring-boot-and-java-erudio] [ream--938274853] tc.testcontainers/ryuk:0.11.0            : Starting to pull image
2025-10-13T03:51:17.368-03:00  INFO 18564 --- [rest-with-spring-boot-and-java-erudio] [ream--938274853] tc.testcontainers/ryuk:0.11.0            : Pulling image layers:  0 pending,  0 downloaded,  0 extracted, (0 bytes/0 bytes)
2025-10-13T03:51:18.857-03:00  INFO 18564 --- [rest-with-spring-boot-and-java-erudio] [ream--938274853] tc.testcontainers/ryuk:0.11.0            : Pulling image layers:  2 pending,  1 downloaded,  0 extracted, (113 KB/? MB)
2025-10-13T03:51:18.983-03:00  INFO 18564 --- [rest-with-spring-boot-and-java-erudio] [ream--938274853] tc.testcontainers/ryuk:0.11.0            : Pulling image layers:  1 pending,  2 downloaded,  0 extracted, (6 MB/? MB)
2025-10-13T03:51:19.076-03:00  INFO 18564 --- [rest-with-spring-boot-and-java-erudio] [ream--938274853] tc.testcontainers/ryuk:0.11.0            : Pulling image layers:  0 pending,  3 downloaded,  0 extracted, (9 MB/10 MB)
2025-10-13T03:51:20.051-03:00  INFO 18564 --- [rest-with-spring-boot-and-java-erudio] [ream--938274853] tc.testcontainers/ryuk:0.11.0            : Pulling image layers:  0 pending,  3 downloaded,  1 extracted, (9 MB/10 MB)
2025-10-13T03:51:21.143-03:00  INFO 18564 --- [rest-with-spring-boot-and-java-erudio] [ream--938274853] tc.testcontainers/ryuk:0.11.0            : Pulling image layers:  0 pending,  3 downloaded,  2 extracted, (10 MB/10 MB)
2025-10-13T03:51:21.966-03:00  INFO 18564 --- [rest-with-spring-boot-and-java-erudio] [ream--938274853] tc.testcontainers/ryuk:0.11.0            : Pulling image layers:  0 pending,  3 downloaded,  3 extracted, (10 MB/10 MB)
2025-10-13T03:51:23.018-03:00  INFO 18564 --- [rest-with-spring-boot-and-java-erudio] [ream--938274853] tc.testcontainers/ryuk:0.11.0            : Pull complete. 3 layers, pulled in 5s (downloaded 10 MB at 2 MB/s)
2025-10-13T03:51:23.018-03:00  INFO 18564 --- [rest-with-spring-boot-and-java-erudio] [ers-lifecycle-0] tc.testcontainers/ryuk:0.11.0            : Image testcontainers/ryuk:0.11.0 pull took PT8.0735405S
2025-10-13T03:51:23.043-03:00  INFO 18564 --- [rest-with-spring-boot-and-java-erudio] [ers-lifecycle-0] tc.testcontainers/ryuk:0.11.0            : Creating container for image: testcontainers/ryuk:0.11.0
2025-10-13T03:51:26.644-03:00  INFO 18564 --- [rest-with-spring-boot-and-java-erudio] [ers-lifecycle-0] tc.testcontainers/ryuk:0.11.0            : Container testcontainers/ryuk:0.11.0 is starting: 333a1aa1de117dd81dc7493308bbb50278a45f6a0014888731f7f775fc13d780
2025-10-13T03:51:27.965-03:00  INFO 18564 --- [rest-with-spring-boot-and-java-erudio] [ers-lifecycle-0] tc.testcontainers/ryuk:0.11.0            : Container testcontainers/ryuk:0.11.0 started in PT4.9224259S
2025-10-13T03:51:27.973-03:00  INFO 18564 --- [rest-with-spring-boot-and-java-erudio] [ers-lifecycle-0] o.t.utility.RyukResourceReaper           : Ryuk started - will monitor and terminate Testcontainers containers on JVM exit
2025-10-13T03:51:27.973-03:00  INFO 18564 --- [rest-with-spring-boot-and-java-erudio] [ers-lifecycle-0] org.testcontainers.DockerClientFactory   : Checking the system...
2025-10-13T03:51:27.973-03:00  INFO 18564 --- [rest-with-spring-boot-and-java-erudio] [ers-lifecycle-0] org.testcontainers.DockerClientFactory   : ✔︎ Docker server version should be at least 1.6.0
2025-10-13T03:51:27.981-03:00  INFO 18564 --- [rest-with-spring-boot-and-java-erudio] [ers-lifecycle-0] tc.mysql:9.1.0                           : Pulling docker image: mysql:9.1.0. Please be patient; this may take some time but only needs to be done once.
2025-10-13T03:51:29.816-03:00  INFO 18564 --- [rest-with-spring-boot-and-java-erudio] [eam--1189106925] tc.mysql:9.1.0                           : Starting to pull image
2025-10-13T03:51:29.817-03:00  INFO 18564 --- [rest-with-spring-boot-and-java-erudio] [eam--1189106925] tc.mysql:9.1.0                           : Pulling image layers:  0 pending,  0 downloaded,  0 extracted, (0 bytes/0 bytes)
2025-10-13T03:51:30.990-03:00  INFO 18564 --- [rest-with-spring-boot-and-java-erudio] [eam--1189106925] tc.mysql:9.1.0                           : Pulling image layers:  9 pending,  1 downloaded,  0 extracted, (10 KB/? MB)
2025-10-13T03:51:30.995-03:00  INFO 18564 --- [rest-with-spring-boot-and-java-erudio] [eam--1189106925] tc.mysql:9.1.0                           : Pulling image layers:  8 pending,  2 downloaded,  0 extracted, (10 KB/? MB)
2025-10-13T03:51:31.484-03:00  INFO 18564 --- [rest-with-spring-boot-and-java-erudio] [eam--1189106925] tc.mysql:9.1.0                           : Pulling image layers:  7 pending,  3 downloaded,  0 extracted, (8 MB/? MB)
2025-10-13T03:51:31.716-03:00  INFO 18564 --- [rest-with-spring-boot-and-java-erudio] [eam--1189106925] tc.mysql:9.1.0                           : Pulling image layers:  6 pending,  4 downloaded,  0 extracted, (16 MB/? MB)
2025-10-13T03:51:31.846-03:00  INFO 18564 --- [rest-with-spring-boot-and-java-erudio] [eam--1189106925] tc.mysql:9.1.0                           : Pulling image layers:  5 pending,  5 downloaded,  0 extracted, (18 MB/? MB)
2025-10-13T03:51:32.190-03:00  INFO 18564 --- [rest-with-spring-boot-and-java-erudio] [eam--1189106925] tc.mysql:9.1.0                           : Pulling image layers:  4 pending,  6 downloaded,  0 extracted, (27 MB/? MB)
2025-10-13T03:51:33.785-03:00  INFO 18564 --- [rest-with-spring-boot-and-java-erudio] [eam--1189106925] tc.mysql:9.1.0                           : Pulling image layers:  3 pending,  7 downloaded,  0 extracted, (89 MB/? MB)
2025-10-13T03:51:34.297-03:00  INFO 18564 --- [rest-with-spring-boot-and-java-erudio] [eam--1189106925] tc.mysql:9.1.0                           : Pulling image layers:  2 pending,  8 downloaded,  0 extracted, (109 MB/? MB)
2025-10-13T03:51:34.861-03:00  INFO 18564 --- [rest-with-spring-boot-and-java-erudio] [eam--1189106925] tc.mysql:9.1.0                           : Pulling image layers:  1 pending,  9 downloaded,  0 extracted, (128 MB/? MB)
2025-10-13T03:51:35.990-03:00  INFO 18564 --- [rest-with-spring-boot-and-java-erudio] [eam--1189106925] tc.mysql:9.1.0                           : Pulling image layers:  0 pending, 10 downloaded,  0 extracted, (159 MB/166 MB)
2025-10-13T03:51:40.312-03:00  INFO 18564 --- [rest-with-spring-boot-and-java-erudio] [eam--1189106925] tc.mysql:9.1.0                           : Pulling image layers:  0 pending, 10 downloaded,  1 extracted, (160 MB/166 MB)
2025-10-13T03:51:41.478-03:00  INFO 18564 --- [rest-with-spring-boot-and-java-erudio] [eam--1189106925] tc.mysql:9.1.0                           : Pulling image layers:  0 pending, 10 downloaded,  2 extracted, (160 MB/166 MB)
2025-10-13T03:51:42.940-03:00  INFO 18564 --- [rest-with-spring-boot-and-java-erudio] [eam--1189106925] tc.mysql:9.1.0                           : Pulling image layers:  0 pending, 10 downloaded,  3 extracted, (161 MB/166 MB)
2025-10-13T03:51:44.563-03:00  INFO 18564 --- [rest-with-spring-boot-and-java-erudio] [eam--1189106925] tc.mysql:9.1.0                           : Pulling image layers:  0 pending, 10 downloaded,  4 extracted, (162 MB/166 MB)
2025-10-13T03:51:45.446-03:00  INFO 18564 --- [rest-with-spring-boot-and-java-erudio] [eam--1189106925] tc.mysql:9.1.0                           : Pulling image layers:  0 pending, 10 downloaded,  5 extracted, (162 MB/166 MB)
2025-10-13T03:51:46.169-03:00  INFO 18564 --- [rest-with-spring-boot-and-java-erudio] [eam--1189106925] tc.mysql:9.1.0                           : Pulling image layers:  0 pending, 10 downloaded,  6 extracted, (162 MB/166 MB)
2025-10-13T03:51:50.416-03:00  INFO 18564 --- [rest-with-spring-boot-and-java-erudio] [eam--1189106925] tc.mysql:9.1.0                           : Pulling image layers:  0 pending, 10 downloaded,  7 extracted, (163 MB/166 MB)
2025-10-13T03:51:52.885-03:00  INFO 18564 --- [rest-with-spring-boot-and-java-erudio] [eam--1189106925] tc.mysql:9.1.0                           : Pulling image layers:  0 pending, 10 downloaded,  8 extracted, (163 MB/166 MB)
2025-10-13T03:52:10.388-03:00  INFO 18564 --- [rest-with-spring-boot-and-java-erudio] [eam--1189106925] tc.mysql:9.1.0                           : Pulling image layers:  0 pending, 10 downloaded,  9 extracted, (166 MB/166 MB)
2025-10-13T03:52:12.998-03:00  INFO 18564 --- [rest-with-spring-boot-and-java-erudio] [eam--1189106925] tc.mysql:9.1.0                           : Pulling image layers:  0 pending, 10 downloaded, 10 extracted, (166 MB/166 MB)
2025-10-13T03:52:13.047-03:00  INFO 18564 --- [rest-with-spring-boot-and-java-erudio] [eam--1189106925] tc.mysql:9.1.0                           : Pull complete. 10 layers, pulled in 43s (downloaded 166 MB at 3 MB/s)
2025-10-13T03:52:13.048-03:00  INFO 18564 --- [rest-with-spring-boot-and-java-erudio] [ers-lifecycle-0] tc.mysql:9.1.0                           : Image mysql:9.1.0 pull took PT45.0669716S
2025-10-13T03:52:13.058-03:00  INFO 18564 --- [rest-with-spring-boot-and-java-erudio] [ers-lifecycle-0] tc.mysql:9.1.0                           : Creating container for image: mysql:9.1.0
2025-10-13T03:52:13.886-03:00  INFO 18564 --- [rest-with-spring-boot-and-java-erudio] [ers-lifecycle-0] tc.mysql:9.1.0                           : Container mysql:9.1.0 is starting: 1a146fbf58d77f43f46d512384723635af731917fd3688e207bde19a2ba2f419
2025-10-13T03:52:14.194-03:00  INFO 18564 --- [rest-with-spring-boot-and-java-erudio] [ers-lifecycle-0] tc.mysql:9.1.0                           : Waiting for database connection to become available at jdbc:mysql://localhost:49490/test using query 'SELECT 1'
2025-10-13T03:52:26.812-03:00  INFO 18564 --- [rest-with-spring-boot-and-java-erudio] [ers-lifecycle-0] tc.mysql:9.1.0                           : Container mysql:9.1.0 started in PT13.7543978S
2025-10-13T03:52:26.813-03:00  INFO 18564 --- [rest-with-spring-boot-and-java-erudio] [ers-lifecycle-0] tc.mysql:9.1.0                           : Container is started (JDBC URL: jdbc:mysql://localhost:49490/test)
2025-10-13T03:52:26.818-03:00  INFO 18564 --- [rest-with-spring-boot-and-java-erudio] [           main] b.c.a.i.swagger.SwaggerIntegrationTest   : Starting SwaggerIntegrationTest using Java 21.0.6 with PID 18564 (started by Allisson Jardel in C:\Users\Allisson Jardel\Pictures\ERUDIO\projetos\rest-spring-boot-and-java-erudio\rest-spring-boot-and-java-erudio)
2025-10-13T03:52:26.818-03:00  INFO 18564 --- [rest-with-spring-boot-and-java-erudio] [           main] b.c.a.i.swagger.SwaggerIntegrationTest   : No active profile set, falling back to 1 default profile: "default"
2025-10-13T03:52:27.859-03:00  INFO 18564 --- [rest-with-spring-boot-and-java-erudio] [           main] .s.d.r.c.RepositoryConfigurationDelegate : Bootstrapping Spring Data JPA repositories in DEFAULT mode.
2025-10-13T03:52:27.958-03:00  INFO 18564 --- [rest-with-spring-boot-and-java-erudio] [           main] .s.d.r.c.RepositoryConfigurationDelegate : Finished Spring Data repository scanning in 87 ms. Found 1 JPA repository interface.
2025-10-13T03:52:28.643-03:00  INFO 18564 --- [rest-with-spring-boot-and-java-erudio] [           main] o.s.b.w.embedded.tomcat.TomcatWebServer  : Tomcat initialized with port 8888 (http)
2025-10-13T03:52:28.658-03:00  INFO 18564 --- [rest-with-spring-boot-and-java-erudio] [           main] o.apache.catalina.core.StandardService   : Starting service [Tomcat]
2025-10-13T03:52:28.658-03:00  INFO 18564 --- [rest-with-spring-boot-and-java-erudio] [           main] o.apache.catalina.core.StandardEngine    : Starting Servlet engine: [Apache Tomcat/10.1.33]
2025-10-13T03:52:28.728-03:00  INFO 18564 --- [rest-with-spring-boot-and-java-erudio] [           main] o.a.c.c.C.[Tomcat].[localhost].[/]       : Initializing Spring embedded WebApplicationContext
2025-10-13T03:52:28.728-03:00  INFO 18564 --- [rest-with-spring-boot-and-java-erudio] [           main] w.s.c.ServletWebServerApplicationContext : Root WebApplicationContext: initialization completed in 1735 ms
2025-10-13T03:52:28.920-03:00  INFO 18564 --- [rest-with-spring-boot-and-java-erudio] [           main] o.hibernate.jpa.internal.util.LogHelper  : HHH000204: Processing PersistenceUnitInfo [name: default]
2025-10-13T03:52:29.010-03:00  INFO 18564 --- [rest-with-spring-boot-and-java-erudio] [           main] org.hibernate.Version                    : HHH000412: Hibernate ORM core version 6.6.2.Final
2025-10-13T03:52:29.051-03:00  INFO 18564 --- [rest-with-spring-boot-and-java-erudio] [           main] o.h.c.internal.RegionFactoryInitiator    : HHH000026: Second-level cache disabled
2025-10-13T03:52:29.352-03:00  INFO 18564 --- [rest-with-spring-boot-and-java-erudio] [           main] o.s.o.j.p.SpringPersistenceUnitInfo      : No LoadTimeWeaver setup: ignoring JPA class transformer
2025-10-13T03:52:29.405-03:00  INFO 18564 --- [rest-with-spring-boot-and-java-erudio] [           main] com.zaxxer.hikari.HikariDataSource       : HikariPool-1 - Starting...
2025-10-13T03:52:29.579-03:00  INFO 18564 --- [rest-with-spring-boot-and-java-erudio] [           main] com.zaxxer.hikari.pool.HikariPool        : HikariPool-1 - Added connection com.mysql.cj.jdbc.ConnectionImpl@5d68be4f
2025-10-13T03:52:29.580-03:00  INFO 18564 --- [rest-with-spring-boot-and-java-erudio] [           main] com.zaxxer.hikari.HikariDataSource       : HikariPool-1 - Start completed.
2025-10-13T03:52:29.665-03:00  INFO 18564 --- [rest-with-spring-boot-and-java-erudio] [           main] org.hibernate.orm.connections.pooling    : HHH10001005: Database info:
	Database JDBC URL [Connecting through datasource 'HikariDataSource (HikariPool-1)']
	Database driver: undefined/unknown
	Database version: 9.1
	Autocommit mode: undefined/unknown
	Isolation level: undefined/unknown
	Minimum pool size: undefined/unknown
	Maximum pool size: undefined/unknown
2025-10-13T03:52:30.637-03:00  INFO 18564 --- [rest-with-spring-boot-and-java-erudio] [           main] o.h.e.t.j.p.i.JtaPlatformInitiator       : HHH000489: No JTA platform available (set 'hibernate.transaction.jta.platform' to enable JTA platform integration)
2025-10-13T03:52:30.641-03:00  INFO 18564 --- [rest-with-spring-boot-and-java-erudio] [           main] j.LocalContainerEntityManagerFactoryBean : Initialized JPA EntityManagerFactory for persistence unit 'default'
2025-10-13T03:52:31.711-03:00  INFO 18564 --- [rest-with-spring-boot-and-java-erudio] [           main] o.s.b.w.embedded.tomcat.TomcatWebServer  : Tomcat started on port 8888 (http) with context path '/'
2025-10-13T03:52:31.721-03:00  INFO 18564 --- [rest-with-spring-boot-and-java-erudio] [           main] b.c.a.i.swagger.SwaggerIntegrationTest   : Started SwaggerIntegrationTest in 91.503 seconds (process running for 93.28)
2025-10-13T03:52:33.095-03:00  INFO 18564 --- [rest-with-spring-boot-and-java-erudio] [nio-8888-exec-2] o.a.c.c.C.[Tomcat].[localhost].[/]       : Initializing Spring DispatcherServlet 'dispatcherServlet'
2025-10-13T03:52:33.096-03:00  INFO 18564 --- [rest-with-spring-boot-and-java-erudio] [nio-8888-exec-2] o.s.web.servlet.DispatcherServlet        : Initializing Servlet 'dispatcherServlet'
2025-10-13T03:52:33.098-03:00  INFO 18564 --- [rest-with-spring-boot-and-java-erudio] [nio-8888-exec-2] o.s.web.servlet.DispatcherServlet        : Completed initialization in 2 ms
]]></system-out>
    <system-err><![CDATA[Mockito is currently self-attaching to enable the inline-mock-maker. This will no longer work in future releases of the JDK. Please add Mockito as an agent to your build what is described in Mockito's documentation: https://javadoc.io/doc/org.mockito/mockito-core/latest/org/mockito/Mockito.html#0.3
WARNING: A Java agent has been loaded dynamically (C:\Users\Allisson Jardel\.m2\repositoryDefault\net\bytebuddy\byte-buddy-agent\1.15.10\byte-buddy-agent-1.15.10.jar)
WARNING: If a serviceability tool is in use, please run with -XX:+EnableDynamicAgentLoading to hide this warning
WARNING: If a serviceability tool is not in use, please run with -Djdk.instrument.traceUsage for more information
WARNING: Dynamic loading of agents will be disallowed by default in a future release
]]></system-err>
  </testcase>
</testsuite>